  [1m[35m (508.0ms)[0m  [1m[35mCREATE DATABASE "TaskList_development" ENCODING = 'unicode'[0m
  ↳ bin/rails:9
  [1m[35m (432.8ms)[0m  [1m[35mCREATE DATABASE "TaskList_test" ENCODING = 'unicode'[0m
  ↳ bin/rails:9
  [1m[35m (2.8ms)[0m  [1m[35mCREATE DATABASE "TaskList_development" ENCODING = 'unicode'[0m
  ↳ bin/rails:9
  [1m[35m (1.2ms)[0m  [1m[35mCREATE DATABASE "TaskList_test" ENCODING = 'unicode'[0m
  ↳ bin/rails:9
  [1m[35m (2.7ms)[0m  [1m[35mCREATE DATABASE "TaskList_development" ENCODING = 'unicode'[0m
  ↳ bin/rails:9
  [1m[35m (1.2ms)[0m  [1m[35mCREATE DATABASE "TaskList_test" ENCODING = 'unicode'[0m
  ↳ bin/rails:9
Started GET "/" for 127.0.0.1 at 2018-09-17 14:11:25 -0700
Started GET "/" for 127.0.0.1 at 2018-09-17 14:11:25 -0700
Started GET "/" for 127.0.0.1 at 2018-09-17 14:11:25 -0700
Started GET "/" for 127.0.0.1 at 2018-09-17 14:11:25 -0700
Started GET "/" for 127.0.0.1 at 2018-09-17 14:11:25 -0700
Started GET "/tasks" for 127.0.0.1 at 2018-09-17 14:15:07 -0700
Processing by TasksController#index as HTML
  Rendering tasks/index.html.erb within layouts/application
  Rendered tasks/index.html.erb within layouts/application (2.0ms)
Completed 200 OK in 285ms (Views: 274.8ms | ActiveRecord: 0.0ms)


Started GET "/tasks" for 127.0.0.1 at 2018-09-17 14:19:24 -0700
Processing by TasksController#index as HTML
  Rendering tasks/index.html.erb within layouts/application
  Rendered tasks/index.html.erb within layouts/application (0.2ms)
Completed 200 OK in 18ms (Views: 15.8ms | ActiveRecord: 0.0ms)


Started GET "/tasks" for 127.0.0.1 at 2018-09-17 14:22:50 -0700
Processing by TasksController#index as HTML
  Rendering tasks/index.html.erb within layouts/application
  Rendered tasks/index.html.erb within layouts/application (0.4ms)
Completed 200 OK in 18ms (Views: 15.6ms | ActiveRecord: 0.0ms)


Started GET "/tasks" for 127.0.0.1 at 2018-09-17 14:27:10 -0700
Processing by TasksController#index as HTML
  Rendering tasks/index.html.erb within layouts/application
  Rendered tasks/index.html.erb within layouts/application (0.4ms)
Completed 200 OK in 28ms (Views: 26.0ms | ActiveRecord: 0.0ms)


Started GET "/tasks" for 127.0.0.1 at 2018-09-17 14:28:02 -0700
Processing by TasksController#index as HTML
  Rendering tasks/index.html.erb within layouts/application
  Rendered tasks/index.html.erb within layouts/application (0.8ms)
Completed 500 Internal Server Error in 7ms (ActiveRecord: 0.0ms)



SyntaxError - syntax error, unexpected tLABEL
...e;@output_buffer.append=( task: );@output_buffer.safe_append...
...                          ^~~~~
/Users/melissaohearn/ada/TaskList/app/views/tasks/index.html.erb:9: syntax error, unexpected keyword_end, expecting ')'
'.freeze;  end
           ^~~
/Users/melissaohearn/ada/TaskList/app/views/tasks/index.html.erb:15: syntax error, unexpected keyword_ensure, expecting ')'
          ensure
          ^~~~~~
/Users/melissaohearn/ada/TaskList/app/views/tasks/index.html.erb:17: syntax error, unexpected keyword_end, expecting ')'
          end
          ^~~:
  app/views/tasks/index.html.erb:6:in `'

Started POST "/__better_errors/70a7e3a9eee40552/variables" for 127.0.0.1 at 2018-09-17 14:28:02 -0700
Started GET "/tasks" for 127.0.0.1 at 2018-09-17 14:28:13 -0700
Processing by TasksController#index as HTML
  Rendering tasks/index.html.erb within layouts/application
  Rendered tasks/index.html.erb within layouts/application (0.4ms)
Completed 200 OK in 18ms (Views: 16.4ms | ActiveRecord: 0.0ms)


Started GET "/tasks" for 127.0.0.1 at 2018-09-17 14:28:27 -0700
Processing by TasksController#index as HTML
  Rendering tasks/index.html.erb within layouts/application
  Rendered tasks/index.html.erb within layouts/application (0.4ms)
Completed 200 OK in 18ms (Views: 15.9ms | ActiveRecord: 0.0ms)


Started GET "/tasks" for 127.0.0.1 at 2018-09-17 14:28:41 -0700
Processing by TasksController#index as HTML
  Rendering tasks/index.html.erb within layouts/application
  Rendered tasks/index.html.erb within layouts/application (0.5ms)
Completed 200 OK in 19ms (Views: 16.9ms | ActiveRecord: 0.0ms)


Started GET "/tasks" for 127.0.0.1 at 2018-09-17 14:30:49 -0700
Processing by TasksController#index as HTML
  Rendering tasks/index.html.erb within layouts/application
  Rendered tasks/index.html.erb within layouts/application (0.4ms)
Completed 200 OK in 20ms (Views: 17.7ms | ActiveRecord: 0.0ms)


Started GET "/tasks" for 127.0.0.1 at 2018-09-17 16:02:26 -0700
Processing by TasksController#index as HTML
  Rendering tasks/index.html.erb within layouts/application
  Rendered tasks/index.html.erb within layouts/application (0.3ms)
Completed 200 OK in 21ms (Views: 18.8ms | ActiveRecord: 0.0ms)


Started GET "/tasks" for 127.0.0.1 at 2018-09-17 16:02:28 -0700
Processing by TasksController#index as HTML
  Rendering tasks/index.html.erb within layouts/application
  Rendered tasks/index.html.erb within layouts/application (0.4ms)
Completed 200 OK in 22ms (Views: 20.2ms | ActiveRecord: 0.0ms)


Started GET "/tasks" for 127.0.0.1 at 2018-09-17 16:08:48 -0700
Processing by TasksController#index as HTML
  Rendering tasks/index.html.erb within layouts/application
  Rendered tasks/index.html.erb within layouts/application (0.3ms)
Completed 200 OK in 22ms (Views: 19.7ms | ActiveRecord: 0.0ms)


Started GET "/tasks" for 127.0.0.1 at 2018-09-17 16:08:50 -0700
Processing by TasksController#index as HTML
  Rendering tasks/index.html.erb within layouts/application
  Rendered tasks/index.html.erb within layouts/application (0.6ms)
Completed 200 OK in 22ms (Views: 19.6ms | ActiveRecord: 0.0ms)


Started GET "/tasks" for 127.0.0.1 at 2018-09-17 16:09:43 -0700
Processing by TasksController#index as HTML
  Rendering tasks/index.html.erb within layouts/application
  Rendered tasks/index.html.erb within layouts/application (0.5ms)
Completed 200 OK in 22ms (Views: 20.7ms | ActiveRecord: 0.0ms)


Started GET "/tasks" for 127.0.0.1 at 2018-09-17 16:09:44 -0700
Processing by TasksController#index as HTML
  Rendering tasks/index.html.erb within layouts/application
  Rendered tasks/index.html.erb within layouts/application (0.4ms)
Completed 200 OK in 31ms (Views: 28.9ms | ActiveRecord: 0.0ms)


Started GET "/tasks/1" for 127.0.0.1 at 2018-09-17 16:10:03 -0700
Processing by TasksController#show as HTML
  Parameters: {"id"=>"1"}
Completed 500 Internal Server Error in 1ms (ActiveRecord: 0.0ms)



TypeError - no implicit conversion of String into Integer:
  app/controllers/tasks_controller.rb:19:in `show'

Started POST "/__better_errors/d268bafe23271f2e/variables" for 127.0.0.1 at 2018-09-17 16:10:03 -0700
Started GET "/tasks/1" for 127.0.0.1 at 2018-09-17 16:10:21 -0700
Processing by TasksController#show as HTML
  Parameters: {"id"=>"1"}
Completed 500 Internal Server Error in 2ms (ActiveRecord: 0.0ms)



NoMethodError - undefined method `to_i' for {:task=>"Shave toes", :status=>"incomplete"}:Hash
Did you mean?  to_s
               to_a
               to_h:
  app/controllers/tasks_controller.rb:19:in `show'

Started POST "/__better_errors/cc6d73418b782c50/variables" for 127.0.0.1 at 2018-09-17 16:10:21 -0700
Started GET "/tasks/1" for 127.0.0.1 at 2018-09-17 16:11:23 -0700
Processing by TasksController#show as HTML
  Parameters: {"id"=>"1"}
  Rendering tasks/show.html.erb within layouts/application
  Rendered tasks/show.html.erb within layouts/application (0.4ms)
Completed 200 OK in 19ms (Views: 17.1ms | ActiveRecord: 0.0ms)


Started GET "/tasks/1" for 127.0.0.1 at 2018-09-17 16:12:01 -0700
Processing by TasksController#show as HTML
  Parameters: {"id"=>"1"}
  Rendering tasks/show.html.erb within layouts/application
  Rendered tasks/show.html.erb within layouts/application (0.3ms)
Completed 200 OK in 17ms (Views: 14.8ms | ActiveRecord: 0.0ms)


Started GET "/tasks/1" for 127.0.0.1 at 2018-09-17 16:17:56 -0700
Processing by TasksController#show as HTML
  Parameters: {"id"=>"1"}
  Rendering tasks/show.html.erb within layouts/application
  Rendered tasks/show.html.erb within layouts/application (0.3ms)
Completed 200 OK in 21ms (Views: 18.8ms | ActiveRecord: 0.0ms)


Started GET "/tasks/7" for 127.0.0.1 at 2018-09-17 16:20:30 -0700
Processing by TasksController#show as HTML
  Parameters: {"id"=>"7"}
Completed 404 Not Found in 0ms (ActiveRecord: 0.0ms)


  [1m[35m (38.1ms)[0m  [1m[35mCREATE TABLE "schema_migrations" ("version" character varying NOT NULL PRIMARY KEY)[0m
  ↳ bin/rails:9
  [1m[35m (5.9ms)[0m  [1m[35mCREATE TABLE "ar_internal_metadata" ("key" character varying NOT NULL PRIMARY KEY, "value" character varying, "created_at" timestamp NOT NULL, "updated_at" timestamp NOT NULL)[0m
  ↳ bin/rails:9
  [1m[35m (0.8ms)[0m  [1m[34mSELECT pg_try_advisory_lock(4169262226251541860)[0m
  ↳ bin/rails:9
  [1m[35m (1.0ms)[0m  [1m[34mSELECT "schema_migrations"."version" FROM "schema_migrations" ORDER BY "schema_migrations"."version" ASC[0m
  ↳ bin/rails:9
Migrating to CreateTasks (20180918182055)
  [1m[35m (0.2ms)[0m  [1m[35mBEGIN[0m
  ↳ bin/rails:9
  [1m[35m (11.1ms)[0m  [1m[35mCREATE TABLE "tasks" ("id" bigserial primary key, "action" character varying, "description" character varying, "created_at" timestamp NOT NULL, "updated_at" timestamp NOT NULL)[0m
  ↳ db/migrate/20180918182055_create_tasks.rb:3
  [1m[36mActiveRecord::SchemaMigration Create (1.6ms)[0m  [1m[32mINSERT INTO "schema_migrations" ("version") VALUES ($1) RETURNING "version"[0m  [["version", "20180918182055"]]
  ↳ bin/rails:9
  [1m[35m (0.3ms)[0m  [1m[35mCOMMIT[0m
  ↳ bin/rails:9
  [1m[36mActiveRecord::InternalMetadata Load (0.7ms)[0m  [1m[34mSELECT  "ar_internal_metadata".* FROM "ar_internal_metadata" WHERE "ar_internal_metadata"."key" = $1 LIMIT $2[0m  [["key", "environment"], ["LIMIT", 1]]
  ↳ bin/rails:9
  [1m[35m (0.1ms)[0m  [1m[35mBEGIN[0m
  ↳ bin/rails:9
  [1m[36mActiveRecord::InternalMetadata Create (0.9ms)[0m  [1m[32mINSERT INTO "ar_internal_metadata" ("key", "value", "created_at", "updated_at") VALUES ($1, $2, $3, $4) RETURNING "key"[0m  [["key", "environment"], ["value", "development"], ["created_at", "2018-09-18 18:24:23.762780"], ["updated_at", "2018-09-18 18:24:23.762780"]]
  ↳ bin/rails:9
  [1m[35m (0.4ms)[0m  [1m[35mCOMMIT[0m
  ↳ bin/rails:9
  [1m[35m (0.3ms)[0m  [1m[34mSELECT pg_advisory_unlock(4169262226251541860)[0m
  ↳ bin/rails:9
  [1m[35m (4.5ms)[0m  [1m[34mSELECT "schema_migrations"."version" FROM "schema_migrations" ORDER BY "schema_migrations"."version" ASC[0m
  ↳ bin/rails:9
  [1m[35m (0.5ms)[0m  [1m[34mSELECT "schema_migrations"."version" FROM "schema_migrations" ORDER BY "schema_migrations"."version" ASC[0m
  ↳ bin/rails:9
  [1m[35m (0.5ms)[0m  [1m[34mSELECT pg_try_advisory_lock(4169262226251541860)[0m
  ↳ bin/rails:9
  [1m[35m (0.7ms)[0m  [1m[34mSELECT "schema_migrations"."version" FROM "schema_migrations" ORDER BY "schema_migrations"."version" ASC[0m
  ↳ bin/rails:9
Migrating to AddColumnToTasks (20180918182635)
  [1m[35m (0.1ms)[0m  [1m[35mBEGIN[0m
  ↳ bin/rails:9
  [1m[36mActiveRecord::SchemaMigration Create (0.3ms)[0m  [1m[32mINSERT INTO "schema_migrations" ("version") VALUES ($1) RETURNING "version"[0m  [["version", "20180918182635"]]
  ↳ bin/rails:9
  [1m[35m (0.5ms)[0m  [1m[35mCOMMIT[0m
  ↳ bin/rails:9
  [1m[36mActiveRecord::InternalMetadata Load (0.3ms)[0m  [1m[34mSELECT  "ar_internal_metadata".* FROM "ar_internal_metadata" WHERE "ar_internal_metadata"."key" = $1 LIMIT $2[0m  [["key", "environment"], ["LIMIT", 1]]
  ↳ bin/rails:9
  [1m[35m (0.1ms)[0m  [1m[35mBEGIN[0m
  ↳ bin/rails:9
  [1m[35m (0.1ms)[0m  [1m[35mCOMMIT[0m
  ↳ bin/rails:9
  [1m[35m (0.2ms)[0m  [1m[34mSELECT pg_advisory_unlock(4169262226251541860)[0m
  ↳ bin/rails:9
  [1m[35m (0.2ms)[0m  [1m[34mSELECT "schema_migrations"."version" FROM "schema_migrations" ORDER BY "schema_migrations"."version" ASC[0m
  ↳ bin/rails:9
  [1m[35m (0.5ms)[0m  [1m[34mSELECT "schema_migrations"."version" FROM "schema_migrations" ORDER BY "schema_migrations"."version" ASC[0m
  ↳ bin/rails:9
  [1m[35m (0.2ms)[0m  [1m[34mSELECT pg_try_advisory_lock(4169262226251541860)[0m
  ↳ bin/rails:9
  [1m[35m (0.5ms)[0m  [1m[34mSELECT "schema_migrations"."version" FROM "schema_migrations" ORDER BY "schema_migrations"."version" ASC[0m
  ↳ bin/rails:9
  [1m[36mActiveRecord::InternalMetadata Load (0.3ms)[0m  [1m[34mSELECT  "ar_internal_metadata".* FROM "ar_internal_metadata" WHERE "ar_internal_metadata"."key" = $1 LIMIT $2[0m  [["key", "environment"], ["LIMIT", 1]]
  ↳ bin/rails:9
  [1m[35m (0.1ms)[0m  [1m[35mBEGIN[0m
  ↳ bin/rails:9
  [1m[35m (0.1ms)[0m  [1m[35mCOMMIT[0m
  ↳ bin/rails:9
  [1m[35m (0.2ms)[0m  [1m[34mSELECT pg_advisory_unlock(4169262226251541860)[0m
  ↳ bin/rails:9
  [1m[35m (0.2ms)[0m  [1m[34mSELECT "schema_migrations"."version" FROM "schema_migrations" ORDER BY "schema_migrations"."version" ASC[0m
  ↳ bin/rails:9
  [1m[35m (0.5ms)[0m  [1m[34mSELECT "schema_migrations"."version" FROM "schema_migrations" ORDER BY "schema_migrations"."version" ASC[0m
  ↳ bin/rails:9
  [1m[35m (0.5ms)[0m  [1m[34mSELECT "schema_migrations"."version" FROM "schema_migrations" ORDER BY "schema_migrations"."version" ASC[0m
  ↳ bin/rails:9
  [1m[35m (0.3ms)[0m  [1m[34mSELECT "schema_migrations"."version" FROM "schema_migrations" ORDER BY "schema_migrations"."version" ASC[0m
  ↳ bin/rails:9
  [1m[35m (0.2ms)[0m  [1m[34mSELECT "schema_migrations"."version" FROM "schema_migrations" ORDER BY "schema_migrations"."version" ASC[0m
  ↳ bin/rails:9
  [1m[35m (0.2ms)[0m  [1m[34mSELECT pg_try_advisory_lock(4169262226251541860)[0m
  ↳ bin/rails:9
  [1m[35m (0.2ms)[0m  [1m[34mSELECT "schema_migrations"."version" FROM "schema_migrations" ORDER BY "schema_migrations"."version" ASC[0m
  ↳ bin/rails:9
Migrating to AddColumnToTasks (20180918182635)
  [1m[35m (0.1ms)[0m  [1m[35mBEGIN[0m
  ↳ bin/rails:9
  [1m[36mActiveRecord::SchemaMigration Destroy (4.4ms)[0m  [1m[31mDELETE FROM "schema_migrations" WHERE "schema_migrations"."version" = $1[0m  [["version", "20180918182635"]]
  ↳ bin/rails:9
  [1m[35m (0.4ms)[0m  [1m[35mCOMMIT[0m
  ↳ bin/rails:9
  [1m[35m (0.4ms)[0m  [1m[34mSELECT pg_advisory_unlock(4169262226251541860)[0m
  ↳ bin/rails:9
  [1m[35m (0.2ms)[0m  [1m[34mSELECT "schema_migrations"."version" FROM "schema_migrations" ORDER BY "schema_migrations"."version" ASC[0m
  ↳ bin/rails:9
  [1m[35m (0.2ms)[0m  [1m[34mSELECT pg_try_advisory_lock(4169262226251541860)[0m
  ↳ bin/rails:9
  [1m[35m (0.5ms)[0m  [1m[34mSELECT "schema_migrations"."version" FROM "schema_migrations" ORDER BY "schema_migrations"."version" ASC[0m
  ↳ bin/rails:9
Migrating to AddColumnToTasks (20180918182635)
  [1m[35m (0.1ms)[0m  [1m[35mBEGIN[0m
  ↳ bin/rails:9
  [1m[35m (4.6ms)[0m  [1m[35mALTER TABLE "tasks" ADD "completion_date" character varying[0m
  ↳ db/migrate/20180918182635_add_column_to_tasks.rb:3
  [1m[36mActiveRecord::SchemaMigration Create (0.3ms)[0m  [1m[32mINSERT INTO "schema_migrations" ("version") VALUES ($1) RETURNING "version"[0m  [["version", "20180918182635"]]
  ↳ bin/rails:9
  [1m[35m (0.4ms)[0m  [1m[35mCOMMIT[0m
  ↳ bin/rails:9
  [1m[36mActiveRecord::InternalMetadata Load (0.3ms)[0m  [1m[34mSELECT  "ar_internal_metadata".* FROM "ar_internal_metadata" WHERE "ar_internal_metadata"."key" = $1 LIMIT $2[0m  [["key", "environment"], ["LIMIT", 1]]
  ↳ bin/rails:9
  [1m[35m (0.1ms)[0m  [1m[35mBEGIN[0m
  ↳ bin/rails:9
  [1m[35m (0.1ms)[0m  [1m[35mCOMMIT[0m
  ↳ bin/rails:9
  [1m[35m (0.2ms)[0m  [1m[34mSELECT pg_advisory_unlock(4169262226251541860)[0m
  ↳ bin/rails:9
  [1m[35m (0.2ms)[0m  [1m[34mSELECT "schema_migrations"."version" FROM "schema_migrations" ORDER BY "schema_migrations"."version" ASC[0m
  ↳ bin/rails:9
  [1m[35m (0.3ms)[0m  [1m[35mBEGIN[0m
  [1m[36mTask Create (4.6ms)[0m  [1m[32mINSERT INTO "tasks" ("action", "description", "created_at", "updated_at") VALUES ($1, $2, $3, $4) RETURNING "id"[0m  [["action", "Shave Toe"], ["description", "Shave left toe"], ["created_at", "2018-09-18 21:29:17.992317"], ["updated_at", "2018-09-18 21:29:17.992317"]]
  [1m[35m (4.1ms)[0m  [1m[35mCOMMIT[0m
  [1m[36mTask Load (0.5ms)[0m  [1m[34mSELECT "tasks".* FROM "tasks"[0m
  [1m[35m (0.2ms)[0m  [1m[35mBEGIN[0m
  [1m[36mTask Update (5.2ms)[0m  [1m[33mUPDATE "tasks" SET "updated_at" = $1, "completion_date" = $2 WHERE "tasks"."id" = $3[0m  [["updated_at", "2018-09-18 21:31:51.966946"], ["completion_date", "2018-09-20"], ["id", 1]]
  [1m[35m (0.3ms)[0m  [1m[35mCOMMIT[0m
  [1m[36mTask Load (0.4ms)[0m  [1m[34mSELECT "tasks".* FROM "tasks"[0m
  [1m[36mTask Load (0.3ms)[0m  [1m[34mSELECT  "tasks".* FROM "tasks" WHERE "tasks"."id" = $1 LIMIT $2[0m  [["id", 1], ["LIMIT", 1]]
  [1m[36mTask Load (0.4ms)[0m  [1m[34mSELECT "tasks".* FROM "tasks"[0m
  [1m[35m (0.3ms)[0m  [1m[35mBEGIN[0m
  [1m[36mTask Update (0.4ms)[0m  [1m[33mUPDATE "tasks" SET "updated_at" = $1, "completion_date" = $2 WHERE "tasks"."id" = $3[0m  [["updated_at", "2018-09-18 21:39:46.984850"], ["completion_date", "2018-09-27"], ["id", 1]]
  [1m[35m (0.7ms)[0m  [1m[35mCOMMIT[0m
  [1m[36mTask Load (0.4ms)[0m  [1m[34mSELECT "tasks".* FROM "tasks"[0m
  [1m[36mTask Load (0.5ms)[0m  [1m[34mSELECT "tasks".* FROM "tasks"[0m
  [1m[35m (0.2ms)[0m  [1m[35mBEGIN[0m
  [1m[35m (0.2ms)[0m  [1m[35mCOMMIT[0m
  [1m[36mTask Load (0.6ms)[0m  [1m[34mSELECT "tasks".* FROM "tasks"[0m
  [1m[35m (0.3ms)[0m  [1m[35mBEGIN[0m
  [1m[36mTask Create (1.5ms)[0m  [1m[32mINSERT INTO "tasks" ("action", "description", "created_at", "updated_at", "completion_date") VALUES ($1, $2, $3, $4, $5) RETURNING "id"[0m  [["action", "Pluck"], ["description", "Remove odd hairs"], ["created_at", "2018-09-18 21:49:59.598449"], ["updated_at", "2018-09-18 21:49:59.598449"], ["completion_date", "2018-09-30"]]
  [1m[35m (0.4ms)[0m  [1m[35mCOMMIT[0m
  [1m[35m (0.2ms)[0m  [1m[35mBEGIN[0m
  [1m[35m (0.2ms)[0m  [1m[35mCOMMIT[0m
  [1m[36mTask Load (0.4ms)[0m  [1m[34mSELECT "tasks".* FROM "tasks"[0m
  [1m[35m (0.3ms)[0m  [1m[35mBEGIN[0m
  [1m[36mTask Update (0.5ms)[0m  [1m[33mUPDATE "tasks" SET "action" = $1, "updated_at" = $2 WHERE "tasks"."id" = $3[0m  [["action", "Shave"], ["updated_at", "2018-09-18 21:57:07.003108"], ["id", 1]]
  [1m[35m (2.5ms)[0m  [1m[35mCOMMIT[0m
  [1m[35m (0.2ms)[0m  [1m[35mBEGIN[0m
  [1m[35m (0.2ms)[0m  [1m[35mCOMMIT[0m
Started GET "/tasks" for 127.0.0.1 at 2018-09-18 15:09:32 -0700
  [1m[35m (1.5ms)[0m  [1m[34mSELECT "schema_migrations"."version" FROM "schema_migrations" ORDER BY "schema_migrations"."version" ASC[0m
  ↳ /Users/melissaohearn/.rvm/gems/ruby-2.5.1/gems/activerecord-5.2.1/lib/active_record/log_subscriber.rb:98
Processing by TasksController#index as HTML
  Rendering tasks/index.html.erb within layouts/application
  Rendered tasks/index.html.erb within layouts/application (1.3ms)
Completed 500 Internal Server Error in 11ms (ActiveRecord: 0.0ms)



SyntaxError - syntax error, unexpected '<', expecting ')'
  </li>
  ^
/Users/melissaohearn/ada/TaskList/app/views/tasks/index.html.erb:11: unknown regexp option - l
/Users/melissaohearn/ada/TaskList/app/views/tasks/index.html.erb:11: unmatched close parenthesis: /li>
  <%end);@output_buffer.safe_append='

</
/Users/melissaohearn/ada/TaskList/app/views/tasks/index.html.erb:12: syntax error, unexpected '<'
<!--  -->
^
/Users/melissaohearn/ada/TaskList/app/views/tasks/index.html.erb:12: syntax error, unexpected '\n', expecting keyword_do_LAMBDA or tLAMBEG
<!--  -->
         ^
/Users/melissaohearn/ada/TaskList/app/views/tasks/index.html.erb:17: unterminated string meets end of file
          end
             ^
/Users/melissaohearn/ada/TaskList/app/views/tasks/index.html.erb:17: syntax error, unexpected end-of-input, expecting ')'
          end
             ^:
  app/views/tasks/index.html.erb:8:in `'

Started POST "/__better_errors/1a601ce18bef17db/variables" for 127.0.0.1 at 2018-09-18 15:09:32 -0700
  [1m[36mTask Load (0.5ms)[0m  [1m[34mSELECT  "tasks".* FROM "tasks" LIMIT $1[0m  [["LIMIT", 11]]
  ↳ /Users/melissaohearn/.rvm/gems/ruby-2.5.1/gems/activerecord-5.2.1/lib/active_record/log_subscriber.rb:98
Started GET "/tasks" for 127.0.0.1 at 2018-09-18 15:10:10 -0700
Processing by TasksController#index as HTML
  Rendering tasks/index.html.erb within layouts/application
  [1m[36mTask Load (0.3ms)[0m  [1m[34mSELECT "tasks".* FROM "tasks"[0m
  ↳ app/views/tasks/index.html.erb:4
  Rendered tasks/index.html.erb within layouts/application (1.6ms)
Completed 200 OK in 32ms (Views: 29.7ms | ActiveRecord: 0.3ms)


Started GET "/tasks" for 127.0.0.1 at 2018-09-18 15:10:31 -0700
Processing by TasksController#index as HTML
  Rendering tasks/index.html.erb within layouts/application
  [1m[36mTask Load (0.3ms)[0m  [1m[34mSELECT "tasks".* FROM "tasks"[0m
  ↳ app/views/tasks/index.html.erb:4
  Rendered tasks/index.html.erb within layouts/application (1.3ms)
Completed 200 OK in 20ms (Views: 18.2ms | ActiveRecord: 0.3ms)


Started GET "/tasks" for 127.0.0.1 at 2018-09-18 15:10:42 -0700
Processing by TasksController#index as HTML
  Rendering tasks/index.html.erb within layouts/application
  [1m[36mTask Load (0.3ms)[0m  [1m[34mSELECT "tasks".* FROM "tasks"[0m
  ↳ app/views/tasks/index.html.erb:4
  Rendered tasks/index.html.erb within layouts/application (1.4ms)
Completed 200 OK in 21ms (Views: 19.3ms | ActiveRecord: 0.3ms)


Started GET "/tasks" for 127.0.0.1 at 2018-09-18 15:11:10 -0700
Processing by TasksController#index as HTML
  Rendering tasks/index.html.erb within layouts/application
  Rendered tasks/index.html.erb within layouts/application (1.0ms)
Completed 500 Internal Server Error in 7ms (ActiveRecord: 0.0ms)



SyntaxError - syntax error, unexpected ')', expecting '('
...uffer.append=( task[:action]. );@output_buffer.safe_append='...
...                              ^
/Users/melissaohearn/ada/TaskList/app/views/tasks/index.html.erb:7: syntax error, unexpected ')', expecting '('
    task[:description]. );@output_buffer.safe_append='...
                        ^
/Users/melissaohearn/ada/TaskList/app/views/tasks/index.html.erb:9: syntax error, unexpected keyword_end, expecting ')'
'.freeze;  end
           ^~~
/Users/melissaohearn/ada/TaskList/app/views/tasks/index.html.erb:15: syntax error, unexpected keyword_ensure, expecting ')'
          ensure
          ^~~~~~
/Users/melissaohearn/ada/TaskList/app/views/tasks/index.html.erb:17: syntax error, unexpected keyword_end, expecting ')'
          end
          ^~~:
  app/views/tasks/index.html.erb:6:in `'

Started POST "/__better_errors/22f7c8cc8ec2971c/variables" for 127.0.0.1 at 2018-09-18 15:11:10 -0700
  [1m[36mTask Load (0.3ms)[0m  [1m[34mSELECT  "tasks".* FROM "tasks" LIMIT $1[0m  [["LIMIT", 11]]
  ↳ /Users/melissaohearn/.rvm/gems/ruby-2.5.1/gems/activerecord-5.2.1/lib/active_record/log_subscriber.rb:98
Started GET "/tasks" for 127.0.0.1 at 2018-09-18 15:11:32 -0700
Processing by TasksController#index as HTML
  Rendering tasks/index.html.erb within layouts/application
  [1m[36mTask Load (0.3ms)[0m  [1m[34mSELECT "tasks".* FROM "tasks"[0m
  ↳ app/views/tasks/index.html.erb:4
  Rendered tasks/index.html.erb within layouts/application (1.4ms)
Completed 200 OK in 20ms (Views: 17.6ms | ActiveRecord: 0.3ms)


Started GET "/tasks" for 127.0.0.1 at 2018-09-18 15:11:53 -0700
Processing by TasksController#index as HTML
  Rendering tasks/index.html.erb within layouts/application
  [1m[36mTask Load (0.3ms)[0m  [1m[34mSELECT "tasks".* FROM "tasks"[0m
  ↳ app/views/tasks/index.html.erb:4
  Rendered tasks/index.html.erb within layouts/application (1.2ms)
Completed 200 OK in 18ms (Views: 16.4ms | ActiveRecord: 0.3ms)


Started GET "/tasks" for 127.0.0.1 at 2018-09-18 15:12:04 -0700
Processing by TasksController#index as HTML
  Rendering tasks/index.html.erb within layouts/application
  Rendered tasks/index.html.erb within layouts/application (1.1ms)
Completed 500 Internal Server Error in 7ms (ActiveRecord: 0.0ms)



SyntaxError - syntax error, unexpected '[', expecting '('
    task.[:description] );@output_buffe...
         ^
/Users/melissaohearn/ada/TaskList/app/views/tasks/index.html.erb:9: syntax error, unexpected keyword_end, expecting ')'
'.freeze;  end
           ^~~
/Users/melissaohearn/ada/TaskList/app/views/tasks/index.html.erb:15: syntax error, unexpected keyword_ensure, expecting ')'
          ensure
          ^~~~~~
/Users/melissaohearn/ada/TaskList/app/views/tasks/index.html.erb:17: syntax error, unexpected keyword_end, expecting ')'
          end
          ^~~:
  app/views/tasks/index.html.erb:7:in `'

Started POST "/__better_errors/9eccb206ed88d97e/variables" for 127.0.0.1 at 2018-09-18 15:12:04 -0700
  [1m[36mTask Load (0.3ms)[0m  [1m[34mSELECT  "tasks".* FROM "tasks" LIMIT $1[0m  [["LIMIT", 11]]
  ↳ /Users/melissaohearn/.rvm/gems/ruby-2.5.1/gems/activerecord-5.2.1/lib/active_record/log_subscriber.rb:98
Started GET "/tasks" for 127.0.0.1 at 2018-09-18 15:12:18 -0700
Processing by TasksController#index as HTML
  Rendering tasks/index.html.erb within layouts/application
  [1m[36mTask Load (0.4ms)[0m  [1m[34mSELECT "tasks".* FROM "tasks"[0m
  ↳ app/views/tasks/index.html.erb:4
  Rendered tasks/index.html.erb within layouts/application (1.5ms)
Completed 200 OK in 20ms (Views: 17.8ms | ActiveRecord: 0.4ms)


Started GET "/tasks" for 127.0.0.1 at 2018-09-18 15:12:34 -0700
Processing by TasksController#index as HTML
  Rendering tasks/index.html.erb within layouts/application
  [1m[36mTask Load (0.3ms)[0m  [1m[34mSELECT "tasks".* FROM "tasks"[0m
  ↳ app/views/tasks/index.html.erb:4
  Rendered tasks/index.html.erb within layouts/application (1.2ms)
Completed 200 OK in 21ms (Views: 18.4ms | ActiveRecord: 0.3ms)


Started GET "/tasks1" for 127.0.0.1 at 2018-09-18 15:16:16 -0700
  
ActionController::RoutingError (No route matches [GET] "/tasks1"):
  
actionpack (5.2.1) lib/action_dispatch/middleware/debug_exceptions.rb:65:in `call'
web-console (3.7.0) lib/web_console/middleware.rb:135:in `call_app'
web-console (3.7.0) lib/web_console/middleware.rb:30:in `block in call'
web-console (3.7.0) lib/web_console/middleware.rb:20:in `catch'
web-console (3.7.0) lib/web_console/middleware.rb:20:in `call'
actionpack (5.2.1) lib/action_dispatch/middleware/show_exceptions.rb:33:in `call'
railties (5.2.1) lib/rails/rack/logger.rb:38:in `call_app'
railties (5.2.1) lib/rails/rack/logger.rb:26:in `block in call'
activesupport (5.2.1) lib/active_support/tagged_logging.rb:71:in `block in tagged'
activesupport (5.2.1) lib/active_support/tagged_logging.rb:28:in `tagged'
activesupport (5.2.1) lib/active_support/tagged_logging.rb:71:in `tagged'
railties (5.2.1) lib/rails/rack/logger.rb:26:in `call'
sprockets-rails (3.2.1) lib/sprockets/rails/quiet_assets.rb:13:in `call'
actionpack (5.2.1) lib/action_dispatch/middleware/remote_ip.rb:81:in `call'
actionpack (5.2.1) lib/action_dispatch/middleware/request_id.rb:27:in `call'
rack (2.0.5) lib/rack/method_override.rb:22:in `call'
rack (2.0.5) lib/rack/runtime.rb:22:in `call'
activesupport (5.2.1) lib/active_support/cache/strategy/local_cache_middleware.rb:29:in `call'
actionpack (5.2.1) lib/action_dispatch/middleware/executor.rb:14:in `call'
actionpack (5.2.1) lib/action_dispatch/middleware/static.rb:127:in `call'
rack (2.0.5) lib/rack/sendfile.rb:111:in `call'
railties (5.2.1) lib/rails/engine.rb:524:in `call'
puma (3.12.0) lib/puma/configuration.rb:225:in `call'
puma (3.12.0) lib/puma/server.rb:658:in `handle_request'
puma (3.12.0) lib/puma/server.rb:472:in `process_client'
puma (3.12.0) lib/puma/server.rb:332:in `block in run'
puma (3.12.0) lib/puma/thread_pool.rb:133:in `block in spawn_thread'
Started GET "/tasks1" for 127.0.0.1 at 2018-09-18 15:18:19 -0700
  
ActionController::RoutingError (No route matches [GET] "/tasks1"):
  
actionpack (5.2.1) lib/action_dispatch/middleware/debug_exceptions.rb:65:in `call'
web-console (3.7.0) lib/web_console/middleware.rb:135:in `call_app'
web-console (3.7.0) lib/web_console/middleware.rb:30:in `block in call'
web-console (3.7.0) lib/web_console/middleware.rb:20:in `catch'
web-console (3.7.0) lib/web_console/middleware.rb:20:in `call'
actionpack (5.2.1) lib/action_dispatch/middleware/show_exceptions.rb:33:in `call'
railties (5.2.1) lib/rails/rack/logger.rb:38:in `call_app'
railties (5.2.1) lib/rails/rack/logger.rb:26:in `block in call'
activesupport (5.2.1) lib/active_support/tagged_logging.rb:71:in `block in tagged'
activesupport (5.2.1) lib/active_support/tagged_logging.rb:28:in `tagged'
activesupport (5.2.1) lib/active_support/tagged_logging.rb:71:in `tagged'
railties (5.2.1) lib/rails/rack/logger.rb:26:in `call'
sprockets-rails (3.2.1) lib/sprockets/rails/quiet_assets.rb:13:in `call'
actionpack (5.2.1) lib/action_dispatch/middleware/remote_ip.rb:81:in `call'
actionpack (5.2.1) lib/action_dispatch/middleware/request_id.rb:27:in `call'
rack (2.0.5) lib/rack/method_override.rb:22:in `call'
rack (2.0.5) lib/rack/runtime.rb:22:in `call'
activesupport (5.2.1) lib/active_support/cache/strategy/local_cache_middleware.rb:29:in `call'
actionpack (5.2.1) lib/action_dispatch/middleware/executor.rb:14:in `call'
actionpack (5.2.1) lib/action_dispatch/middleware/static.rb:127:in `call'
rack (2.0.5) lib/rack/sendfile.rb:111:in `call'
railties (5.2.1) lib/rails/engine.rb:524:in `call'
puma (3.12.0) lib/puma/configuration.rb:225:in `call'
puma (3.12.0) lib/puma/server.rb:658:in `handle_request'
puma (3.12.0) lib/puma/server.rb:472:in `process_client'
puma (3.12.0) lib/puma/server.rb:332:in `block in run'
puma (3.12.0) lib/puma/thread_pool.rb:133:in `block in spawn_thread'
Started GET "/tasks/1" for 127.0.0.1 at 2018-09-18 15:18:29 -0700
Processing by TasksController#show as HTML
  Parameters: {"id"=>"1"}
Completed 404 Not Found in 5ms (ActiveRecord: 2.0ms)



ActiveRecord::RecordNotFound - Couldn't find Task without an ID:
  app/controllers/tasks_controller.rb:19:in `show'

Started POST "/__better_errors/8defa3aa5f4b190b/variables" for 127.0.0.1 at 2018-09-18 15:18:29 -0700
Started GET "/tasks/1" for 127.0.0.1 at 2018-09-18 15:20:29 -0700
Processing by TasksController#show as HTML
  Parameters: {"id"=>"1"}
  [1m[36mTask Load (0.3ms)[0m  [1m[34mSELECT  "tasks".* FROM "tasks" WHERE "tasks"."id" = $1 LIMIT $2[0m  [["id", 1], ["LIMIT", 1]]
  ↳ app/controllers/tasks_controller.rb:19
  Rendering tasks/show.html.erb within layouts/application
  Rendered tasks/show.html.erb within layouts/application (0.4ms)
Completed 200 OK in 29ms (Views: 15.4ms | ActiveRecord: 3.0ms)


Started GET "/tasks/1" for 127.0.0.1 at 2018-09-18 15:22:28 -0700
Processing by TasksController#show as HTML
  Parameters: {"id"=>"1"}
  [1m[36mTask Load (0.3ms)[0m  [1m[34mSELECT  "tasks".* FROM "tasks" WHERE "tasks"."id" = $1 LIMIT $2[0m  [["id", 1], ["LIMIT", 1]]
  ↳ app/controllers/tasks_controller.rb:19
  Rendering tasks/show.html.erb within layouts/application
  Rendered tasks/show.html.erb within layouts/application (0.3ms)
Completed 200 OK in 19ms (Views: 16.6ms | ActiveRecord: 0.3ms)


Started GET "/tasks/1" for 127.0.0.1 at 2018-09-18 15:23:04 -0700
Processing by TasksController#show as HTML
  Parameters: {"id"=>"1"}
  [1m[36mTask Load (0.3ms)[0m  [1m[34mSELECT  "tasks".* FROM "tasks" WHERE "tasks"."id" = $1 LIMIT $2[0m  [["id", 1], ["LIMIT", 1]]
  ↳ app/controllers/tasks_controller.rb:19
  Rendering tasks/show.html.erb within layouts/application
  Rendered tasks/show.html.erb within layouts/application (0.4ms)
Completed 200 OK in 19ms (Views: 16.5ms | ActiveRecord: 0.3ms)


Started GET "/tasks" for 127.0.0.1 at 2018-09-18 15:23:11 -0700
Processing by TasksController#index as HTML
  Rendering tasks/index.html.erb within layouts/application
  [1m[36mTask Load (0.3ms)[0m  [1m[34mSELECT "tasks".* FROM "tasks"[0m
  ↳ app/views/tasks/index.html.erb:4
  Rendered tasks/index.html.erb within layouts/application (1.4ms)
Completed 200 OK in 19ms (Views: 17.1ms | ActiveRecord: 0.3ms)


Started GET "/tasks" for 127.0.0.1 at 2018-09-18 15:23:45 -0700
Processing by TasksController#index as HTML
  Rendering tasks/index.html.erb within layouts/application
  [1m[36mTask Load (0.3ms)[0m  [1m[34mSELECT "tasks".* FROM "tasks"[0m
  ↳ app/views/tasks/index.html.erb:4
  Rendered tasks/index.html.erb within layouts/application (1.3ms)
Completed 200 OK in 20ms (Views: 18.1ms | ActiveRecord: 0.3ms)


Started GET "/tasks" for 127.0.0.1 at 2018-09-18 15:24:37 -0700
Processing by TasksController#index as HTML
  Rendering tasks/index.html.erb within layouts/application
  [1m[36mTask Load (0.3ms)[0m  [1m[34mSELECT "tasks".* FROM "tasks"[0m
  ↳ app/views/tasks/index.html.erb:4
  Rendered tasks/index.html.erb within layouts/application (1.3ms)
Completed 200 OK in 19ms (Views: 17.2ms | ActiveRecord: 0.3ms)


Started GET "/tasks" for 127.0.0.1 at 2018-09-18 15:24:49 -0700
Processing by TasksController#index as HTML
  Rendering tasks/index.html.erb within layouts/application
  [1m[36mTask Load (0.3ms)[0m  [1m[34mSELECT "tasks".* FROM "tasks"[0m
  ↳ app/views/tasks/index.html.erb:4
  Rendered tasks/index.html.erb within layouts/application (1.3ms)
Completed 200 OK in 26ms (Views: 23.9ms | ActiveRecord: 0.3ms)


Started GET "/tasks" for 127.0.0.1 at 2018-09-18 15:25:27 -0700
Processing by TasksController#index as HTML
  Rendering tasks/index.html.erb within layouts/application
  [1m[36mTask Load (0.3ms)[0m  [1m[34mSELECT "tasks".* FROM "tasks"[0m
  ↳ app/views/tasks/index.html.erb:4
  Rendered tasks/index.html.erb within layouts/application (1.3ms)
Completed 200 OK in 19ms (Views: 17.0ms | ActiveRecord: 0.3ms)


Started GET "/tasks" for 127.0.0.1 at 2018-09-18 15:25:38 -0700
Processing by TasksController#index as HTML
  Rendering tasks/index.html.erb within layouts/application
  [1m[36mTask Load (0.3ms)[0m  [1m[34mSELECT "tasks".* FROM "tasks"[0m
  ↳ app/views/tasks/index.html.erb:4
  Rendered tasks/index.html.erb within layouts/application (1.3ms)
Completed 200 OK in 20ms (Views: 17.6ms | ActiveRecord: 0.3ms)


Started GET "/tasks/2" for 127.0.0.1 at 2018-09-18 15:25:49 -0700
Processing by TasksController#show as HTML
  Parameters: {"id"=>"2"}
  [1m[36mTask Load (0.3ms)[0m  [1m[34mSELECT  "tasks".* FROM "tasks" WHERE "tasks"."id" = $1 LIMIT $2[0m  [["id", 2], ["LIMIT", 1]]
  ↳ app/controllers/tasks_controller.rb:19
  Rendering tasks/show.html.erb within layouts/application
  Rendered tasks/show.html.erb within layouts/application (0.5ms)
Completed 200 OK in 22ms (Views: 18.6ms | ActiveRecord: 0.3ms)


Started GET "/tasks/1" for 127.0.0.1 at 2018-09-18 15:25:58 -0700
Processing by TasksController#show as HTML
  Parameters: {"id"=>"1"}
  [1m[36mTask Load (0.3ms)[0m  [1m[34mSELECT  "tasks".* FROM "tasks" WHERE "tasks"."id" = $1 LIMIT $2[0m  [["id", 1], ["LIMIT", 1]]
  ↳ app/controllers/tasks_controller.rb:19
  Rendering tasks/show.html.erb within layouts/application
  Rendered tasks/show.html.erb within layouts/application (0.4ms)
Completed 200 OK in 20ms (Views: 16.7ms | ActiveRecord: 0.3ms)


